TN:
SF:/home/vardy/dev/tod-web/src/main.rs
FN:27,router
FN:42,__shuttle_main
FN:46,index
FN:52,configuration
FN:58,render_template
FN:63,get_config
FN:229,get_nav
FNF:7
FNDA:2,router
FNDA:0,__shuttle_main
FNDA:5,index
FNDA:5,configuration
FNDA:4,render_template
FNDA:1,get_config
FNDA:1,get_nav
DA:27,2
DA:28,2
DA:29,4
DA:31,2
DA:33,7
DA:35,2
DA:36,2
DA:38,1
DA:42,0
DA:43,0
DA:46,5
DA:47,4
DA:49,1
DA:52,5
DA:53,5
DA:55,1
DA:58,4
DA:59,2
DA:60,2
DA:63,1
DA:64,2
DA:65,1
DA:66,1
DA:67,1
DA:68,1
DA:69,1
DA:71,1
DA:72,1
DA:73,1
DA:74,1
DA:75,1
DA:77,1
DA:78,1
DA:79,1
DA:80,1
DA:81,1
DA:83,1
DA:84,1
DA:85,1
DA:86,1
DA:87,1
DA:225,4
DA:226,1
DA:229,1
DA:230,4
DA:231,2
DA:232,2
DA:233,2
DA:235,2
DA:236,2
DA:237,2
LF:51
LH:49
end_of_record
